c:\users\thatw\source\repos\computergraphics\spaceinvaders\snakegame\x64\debug\vc142.pdb
c:\users\thatw\source\repos\computergraphics\spaceinvaders\snakegame\x64\debug\vc142.idb
c:\users\thatw\source\repos\computergraphics\spaceinvaders\snakegame\x64\debug\glad.obj
c:\users\thatw\source\repos\computergraphics\spaceinvaders\snakegame\x64\debug\vbo.obj
c:\users\thatw\source\repos\computergraphics\spaceinvaders\snakegame\x64\debug\vao.obj
c:\users\thatw\source\repos\computergraphics\spaceinvaders\snakegame\x64\debug\texture.obj
c:\users\thatw\source\repos\computergraphics\spaceinvaders\snakegame\x64\debug\stb.obj
c:\users\thatw\source\repos\computergraphics\spaceinvaders\snakegame\x64\debug\source.obj
c:\users\thatw\source\repos\computergraphics\spaceinvaders\snakegame\x64\debug\shaderclass.obj
c:\users\thatw\source\repos\computergraphics\spaceinvaders\snakegame\x64\debug\ebo.obj
c:\users\thatw\source\repos\computergraphics\spaceinvaders\snakegame\x64\debug\spaceinvaders.ilk
c:\users\thatw\source\repos\computergraphics\spaceinvaders\x64\debug\spaceinvaders.exe
c:\users\thatw\source\repos\computergraphics\spaceinvaders\x64\debug\spaceinvaders.pdb
c:\users\thatw\source\repos\computergraphics\spaceinvaders\snakegame\x64\debug\snakegame.ilk
c:\users\thatw\source\repos\computergraphics\spaceinvaders\snakegame\x64\debug\spaceinvaders.tlog\cl.command.1.tlog
c:\users\thatw\source\repos\computergraphics\spaceinvaders\snakegame\x64\debug\spaceinvaders.tlog\cl.read.1.tlog
c:\users\thatw\source\repos\computergraphics\spaceinvaders\snakegame\x64\debug\spaceinvaders.tlog\cl.write.1.tlog
c:\users\thatw\source\repos\computergraphics\spaceinvaders\snakegame\x64\debug\spaceinvaders.tlog\link.command.1.tlog
c:\users\thatw\source\repos\computergraphics\spaceinvaders\snakegame\x64\debug\spaceinvaders.tlog\link.read.1.tlog
c:\users\thatw\source\repos\computergraphics\spaceinvaders\snakegame\x64\debug\spaceinvaders.tlog\link.write.1.tlog
